<?xml version="1.0" encoding="UTF-8"?>
<!-- Generated by org.testng.reporters.JUnitXMLReporter -->
<testsuite ignored="6" hostname="DESKTOP-IF4HBMG" failures="0" tests="8" name="CoinMena automation" time="61.203" errors="0" timestamp="2022-05-29T14:03:15 GST">
  <testcase classname="org.example.testcases.SignUp" name="validSignUp" time="13.012"/>
  <testcase classname="org.example.testcases.Login" name="validateinvalidLogin" time="3.265"/>
  <testcase classname="org.example.testcases.Login" name="validLogin" time="3.526"/>
  <testcase classname="org.example.testcases.Purchase" name="purchasePrintedSummerDress" time="0.335"/>
  <testcase classname="org.example.testcases.Purchase" name="selectSizeandQuantityforSummaerDress" time="4.743"/>
  <testcase classname="org.example.testcases.Cart" name="comparecartAttributesAndProceedToCheckout" time="5.519"/>
  <testcase classname="org.example.testcases.Cart" name="proceedToCheckOut" time="13.855"/>
  <testcase classname="org.example.testcases.Cart" name="proceedToPayByBankWire" time="5.756"/>
  <testcase classname="org.example.testcases.BaseTestClass" name="@BeforeSuite setUpTest" time="0.0">
    <ignored/>
  </testcase> <!-- @BeforeSuite setUpTest -->
  <testcase classname="org.example.testcases.BaseTestClass" name="@BeforeSuite setUpTest" time="0.0">
    <ignored/>
  </testcase> <!-- @BeforeSuite setUpTest -->
  <testcase classname="org.example.testcases.BaseTestClass" name="@BeforeSuite setUpTest" time="0.0">
    <ignored/>
  </testcase> <!-- @BeforeSuite setUpTest -->
  <testcase classname="org.example.testcases.BaseTestClass" name="@AfterSuite tearDownTest" time="0.0">
    <ignored/>
  </testcase> <!-- @AfterSuite tearDownTest -->
  <testcase classname="org.example.testcases.BaseTestClass" name="@AfterSuite tearDownTest" time="0.0">
    <ignored/>
  </testcase> <!-- @AfterSuite tearDownTest -->
  <testcase classname="org.example.testcases.BaseTestClass" name="@AfterSuite tearDownTest" time="0.0">
    <ignored/>
  </testcase> <!-- @AfterSuite tearDownTest -->
</testsuite> <!-- CoinMena automation -->
