<?xml version="1.0" encoding="UTF-8"?>
<!-- Generated by org.testng.reporters.JUnitXMLReporter -->
<testsuite ignored="6" hostname="DESKTOP-IF4HBMG" failures="0" tests="8" name="CoinMena automation" time="53.063" errors="0" timestamp="2022-05-28T16:42:52 GST">
  <testcase classname="org.example.testcases.SignUp" name="validSignUp" time="12.352"/>
  <testcase classname="org.example.testcases.Login" name="validateinvalidLogin" time="1.855"/>
  <testcase classname="org.example.testcases.Login" name="validLogin" time="4.857"/>
  <testcase classname="org.example.testcases.Purchase" name="purchasePrintedSummerDress" time="0.269"/>
  <testcase classname="org.example.testcases.Purchase" name="selectSizeandQuantityforSummaerDress" time="4.343"/>
  <testcase classname="org.example.testcases.Cart" name="comparecartAttributesAndProceedToCheckout" time="3.694"/>
  <testcase classname="org.example.testcases.Cart" name="proceedToCheckOut" time="6.168"/>
  <testcase classname="org.example.testcases.Cart" name="proceedToPayByBankWire" time="7.026"/>
  <testcase classname="org.example.testcases.BaseTestClass" name="@BeforeSuite setUpTest" time="0.0">
    <ignored/>
  </testcase> <!-- @BeforeSuite setUpTest -->
  <testcase classname="org.example.testcases.BaseTestClass" name="@BeforeSuite setUpTest" time="0.0">
    <ignored/>
  </testcase> <!-- @BeforeSuite setUpTest -->
  <testcase classname="org.example.testcases.BaseTestClass" name="@BeforeSuite setUpTest" time="0.0">
    <ignored/>
  </testcase> <!-- @BeforeSuite setUpTest -->
  <testcase classname="org.example.testcases.BaseTestClass" name="@AfterSuite tearDownTest" time="0.0">
    <ignored/>
  </testcase> <!-- @AfterSuite tearDownTest -->
  <testcase classname="org.example.testcases.BaseTestClass" name="@AfterSuite tearDownTest" time="0.0">
    <ignored/>
  </testcase> <!-- @AfterSuite tearDownTest -->
  <testcase classname="org.example.testcases.BaseTestClass" name="@AfterSuite tearDownTest" time="0.0">
    <ignored/>
  </testcase> <!-- @AfterSuite tearDownTest -->
</testsuite> <!-- CoinMena automation -->
