<?xml version="1.0" encoding="UTF-8"?>
<testng-results ignored="6" total="14" passed="8" failed="0" skipped="0">
  <reporter-output>
  </reporter-output>
  <suite started-at="2022-05-29T14:02:14 GST" name="All Test Suite" finished-at="2022-05-29T14:03:15 GST" duration-ms="61203">
    <groups>
    </groups>
    <test started-at="2022-05-29T14:02:14 GST" name="CoinMena automation" finished-at="2022-05-29T14:03:15 GST" duration-ms="61203">
      <class name="org.example.testcases.Purchase">
        <test-method is-config="true" signature="beforeClass()[pri:0, instance:org.example.testcases.Purchase@5f683daf]" started-at="2022-05-29T14:02:40 GST" name="beforeClass" finished-at="2022-05-29T14:02:45 GST" duration-ms="4844" status="PASS">
          <reporter-output>
          </reporter-output>
        </test-method> <!-- beforeClass -->
        <test-method is-config="true" signature="beforeMethod()[pri:0, instance:org.example.testcases.Purchase@5f683daf]" started-at="2022-05-29T14:02:45 GST" name="beforeMethod" finished-at="2022-05-29T14:02:45 GST" duration-ms="1" status="PASS">
          <reporter-output>
          </reporter-output>
        </test-method> <!-- beforeMethod -->
        <test-method signature="purchasePrintedSummerDress()[pri:1, instance:org.example.testcases.Purchase@5f683daf]" started-at="2022-05-29T14:02:45 GST" name="purchasePrintedSummerDress" finished-at="2022-05-29T14:02:45 GST" duration-ms="335" status="PASS">
          <reporter-output>
          </reporter-output>
        </test-method> <!-- purchasePrintedSummerDress -->
        <test-method signature="selectSizeandQuantityforSummaerDress()[pri:2, instance:org.example.testcases.Purchase@5f683daf]" started-at="2022-05-29T14:02:45 GST" name="selectSizeandQuantityforSummaerDress" finished-at="2022-05-29T14:02:50 GST" duration-ms="4743" status="PASS">
          <reporter-output>
          </reporter-output>
        </test-method> <!-- selectSizeandQuantityforSummaerDress -->
        <test-method is-config="true" signature="beforeMethod()[pri:0, instance:org.example.testcases.Purchase@5f683daf]" started-at="2022-05-29T14:02:45 GST" name="beforeMethod" finished-at="2022-05-29T14:02:45 GST" duration-ms="0" status="PASS">
          <reporter-output>
          </reporter-output>
        </test-method> <!-- beforeMethod -->
      </class> <!-- org.example.testcases.Purchase -->
      <class name="org.example.testcases.SignUp">
        <test-method is-config="true" signature="setUpTest()[pri:0, instance:org.example.testcases.SignUp@4f67eb2a]" started-at="2022-05-29T14:02:01 GST" name="setUpTest" finished-at="2022-05-29T14:02:14 GST" duration-ms="12715" status="PASS">
          <reporter-output>
          </reporter-output>
        </test-method> <!-- setUpTest -->
        <test-method is-config="true" signature="beforeClass()[pri:0, instance:org.example.testcases.SignUp@4f67eb2a]" started-at="2022-05-29T14:02:14 GST" name="beforeClass" finished-at="2022-05-29T14:02:14 GST" duration-ms="59" status="PASS">
          <reporter-output>
          </reporter-output>
        </test-method> <!-- beforeClass -->
        <test-method is-config="true" signature="beforeMethod()[pri:0, instance:org.example.testcases.SignUp@4f67eb2a]" started-at="2022-05-29T14:02:14 GST" name="beforeMethod" finished-at="2022-05-29T14:02:17 GST" duration-ms="2762" status="PASS">
          <reporter-output>
          </reporter-output>
        </test-method> <!-- beforeMethod -->
        <test-method signature="validSignUp()[pri:1, instance:org.example.testcases.SignUp@4f67eb2a]" started-at="2022-05-29T14:02:17 GST" name="validSignUp" finished-at="2022-05-29T14:02:30 GST" duration-ms="13012" status="PASS">
          <reporter-output>
          </reporter-output>
        </test-method> <!-- validSignUp -->
        <test-method is-config="true" signature="tearDownTest()[pri:0, instance:org.example.testcases.SignUp@4f67eb2a]" started-at="2022-05-29T14:03:16 GST" name="tearDownTest" finished-at="2022-05-29T14:03:25 GST" duration-ms="9306" status="PASS">
          <reporter-output>
          </reporter-output>
        </test-method> <!-- tearDownTest -->
      </class> <!-- org.example.testcases.SignUp -->
      <class name="org.example.testcases.Login">
        <test-method is-config="true" signature="beforeClass()[pri:0, instance:org.example.testcases.Login@4a668b6e]" started-at="2022-05-29T14:02:30 GST" name="beforeClass" finished-at="2022-05-29T14:02:33 GST" duration-ms="2977" status="PASS">
          <reporter-output>
          </reporter-output>
        </test-method> <!-- beforeClass -->
        <test-method is-config="true" signature="beforeMethod()[pri:0, instance:org.example.testcases.Login@4a668b6e]" started-at="2022-05-29T14:02:33 GST" name="beforeMethod" finished-at="2022-05-29T14:02:33 GST" duration-ms="1" status="PASS">
          <reporter-output>
          </reporter-output>
        </test-method> <!-- beforeMethod -->
        <test-method signature="validateinvalidLogin()[pri:1, instance:org.example.testcases.Login@4a668b6e]" started-at="2022-05-29T14:02:33 GST" name="validateinvalidLogin" finished-at="2022-05-29T14:02:37 GST" duration-ms="3265" status="PASS">
          <reporter-output>
          </reporter-output>
        </test-method> <!-- validateinvalidLogin -->
        <test-method is-config="true" signature="beforeMethod()[pri:0, instance:org.example.testcases.Login@4a668b6e]" started-at="2022-05-29T14:02:37 GST" name="beforeMethod" finished-at="2022-05-29T14:02:37 GST" duration-ms="0" status="PASS">
          <reporter-output>
          </reporter-output>
        </test-method> <!-- beforeMethod -->
        <test-method signature="validLogin()[pri:2, instance:org.example.testcases.Login@4a668b6e]" started-at="2022-05-29T14:02:37 GST" name="validLogin" finished-at="2022-05-29T14:02:40 GST" duration-ms="3526" status="PASS">
          <reporter-output>
          </reporter-output>
        </test-method> <!-- validLogin -->
      </class> <!-- org.example.testcases.Login -->
      <class name="org.example.testcases.Cart">
        <test-method is-config="true" signature="beforeClass()[pri:0, instance:org.example.testcases.Cart@78ffe6dc]" started-at="2022-05-29T14:02:50 GST" name="beforeClass" finished-at="2022-05-29T14:02:50 GST" duration-ms="2" status="PASS">
          <reporter-output>
          </reporter-output>
        </test-method> <!-- beforeClass -->
        <test-method is-config="true" signature="beforeMethod()[pri:0, instance:org.example.testcases.Cart@78ffe6dc]" started-at="2022-05-29T14:02:50 GST" name="beforeMethod" finished-at="2022-05-29T14:02:50 GST" duration-ms="19" status="PASS">
          <reporter-output>
          </reporter-output>
        </test-method> <!-- beforeMethod -->
        <test-method signature="comparecartAttributesAndProceedToCheckout()[pri:1, instance:org.example.testcases.Cart@78ffe6dc]" started-at="2022-05-29T14:02:50 GST" name="comparecartAttributesAndProceedToCheckout" finished-at="2022-05-29T14:02:56 GST" duration-ms="5519" status="PASS">
          <reporter-output>
          </reporter-output>
        </test-method> <!-- comparecartAttributesAndProceedToCheckout -->
        <test-method is-config="true" signature="beforeMethod()[pri:0, instance:org.example.testcases.Cart@78ffe6dc]" started-at="2022-05-29T14:02:56 GST" name="beforeMethod" finished-at="2022-05-29T14:02:56 GST" duration-ms="8" status="PASS">
          <reporter-output>
          </reporter-output>
        </test-method> <!-- beforeMethod -->
        <test-method signature="proceedToCheckOut()[pri:2, instance:org.example.testcases.Cart@78ffe6dc]" started-at="2022-05-29T14:02:56 GST" name="proceedToCheckOut" finished-at="2022-05-29T14:03:09 GST" duration-ms="13855" status="PASS">
          <reporter-output>
          </reporter-output>
        </test-method> <!-- proceedToCheckOut -->
        <test-method is-config="true" signature="beforeMethod()[pri:0, instance:org.example.testcases.Cart@78ffe6dc]" started-at="2022-05-29T14:03:09 GST" name="beforeMethod" finished-at="2022-05-29T14:03:09 GST" duration-ms="3" status="PASS">
          <reporter-output>
          </reporter-output>
        </test-method> <!-- beforeMethod -->
        <test-method signature="proceedToPayByBankWire()[pri:3, instance:org.example.testcases.Cart@78ffe6dc]" started-at="2022-05-29T14:03:09 GST" name="proceedToPayByBankWire" finished-at="2022-05-29T14:03:15 GST" duration-ms="5756" status="PASS">
          <reporter-output>
          </reporter-output>
        </test-method> <!-- proceedToPayByBankWire -->
      </class> <!-- org.example.testcases.Cart -->
    </test> <!-- CoinMena automation -->
  </suite> <!-- All Test Suite -->
</testng-results>
