<?xml version="1.0" encoding="UTF-8"?>
<testng-results ignored="6" total="14" passed="8" failed="0" skipped="0">
  <reporter-output>
  </reporter-output>
  <suite started-at="2022-05-28T16:41:58 GST" name="All Test Suite" finished-at="2022-05-28T16:42:52 GST" duration-ms="53063">
    <groups>
    </groups>
    <test started-at="2022-05-28T16:41:58 GST" name="CoinMena automation" finished-at="2022-05-28T16:42:52 GST" duration-ms="53063">
      <class name="org.example.testcases.Purchase">
        <test-method is-config="true" signature="beforeClass()[pri:0, instance:org.example.testcases.Purchase@5f683daf]" started-at="2022-05-28T16:42:26 GST" name="beforeClass" finished-at="2022-05-28T16:42:30 GST" duration-ms="3696" status="PASS">
          <reporter-output>
          </reporter-output>
        </test-method> <!-- beforeClass -->
        <test-method is-config="true" signature="beforeMethod()[pri:0, instance:org.example.testcases.Purchase@5f683daf]" started-at="2022-05-28T16:42:30 GST" name="beforeMethod" finished-at="2022-05-28T16:42:30 GST" duration-ms="1" status="PASS">
          <reporter-output>
          </reporter-output>
        </test-method> <!-- beforeMethod -->
        <test-method signature="purchasePrintedSummerDress()[pri:1, instance:org.example.testcases.Purchase@5f683daf]" started-at="2022-05-28T16:42:30 GST" name="purchasePrintedSummerDress" finished-at="2022-05-28T16:42:30 GST" duration-ms="269" status="PASS">
          <reporter-output>
          </reporter-output>
        </test-method> <!-- purchasePrintedSummerDress -->
        <test-method is-config="true" signature="beforeMethod()[pri:0, instance:org.example.testcases.Purchase@5f683daf]" started-at="2022-05-28T16:42:30 GST" name="beforeMethod" finished-at="2022-05-28T16:42:30 GST" duration-ms="1" status="PASS">
          <reporter-output>
          </reporter-output>
        </test-method> <!-- beforeMethod -->
        <test-method signature="selectSizeandQuantityforSummaerDress()[pri:2, instance:org.example.testcases.Purchase@5f683daf]" started-at="2022-05-28T16:42:30 GST" name="selectSizeandQuantityforSummaerDress" finished-at="2022-05-28T16:42:35 GST" duration-ms="4343" status="PASS">
          <reporter-output>
          </reporter-output>
        </test-method> <!-- selectSizeandQuantityforSummaerDress -->
      </class> <!-- org.example.testcases.Purchase -->
      <class name="org.example.testcases.SignUp">
        <test-method is-config="true" signature="setUpTest()[pri:0, instance:org.example.testcases.SignUp@4f67eb2a]" started-at="2022-05-28T16:41:44 GST" name="setUpTest" finished-at="2022-05-28T16:41:58 GST" duration-ms="14074" status="PASS">
          <reporter-output>
          </reporter-output>
        </test-method> <!-- setUpTest -->
        <test-method is-config="true" signature="beforeClass()[pri:0, instance:org.example.testcases.SignUp@4f67eb2a]" started-at="2022-05-28T16:41:59 GST" name="beforeClass" finished-at="2022-05-28T16:41:59 GST" duration-ms="61" status="PASS">
          <reporter-output>
          </reporter-output>
        </test-method> <!-- beforeClass -->
        <test-method is-config="true" signature="beforeMethod()[pri:0, instance:org.example.testcases.SignUp@4f67eb2a]" started-at="2022-05-28T16:41:59 GST" name="beforeMethod" finished-at="2022-05-28T16:42:03 GST" duration-ms="4353" status="PASS">
          <reporter-output>
          </reporter-output>
        </test-method> <!-- beforeMethod -->
        <test-method signature="validSignUp()[pri:1, instance:org.example.testcases.SignUp@4f67eb2a]" started-at="2022-05-28T16:42:03 GST" name="validSignUp" finished-at="2022-05-28T16:42:16 GST" duration-ms="12352" status="PASS">
          <reporter-output>
          </reporter-output>
        </test-method> <!-- validSignUp -->
        <test-method is-config="true" signature="tearDownTest()[pri:0, instance:org.example.testcases.SignUp@4f67eb2a]" started-at="2022-05-28T16:42:52 GST" name="tearDownTest" finished-at="2022-05-28T16:42:57 GST" duration-ms="4750" status="PASS">
          <reporter-output>
          </reporter-output>
        </test-method> <!-- tearDownTest -->
      </class> <!-- org.example.testcases.SignUp -->
      <class name="org.example.testcases.Login">
        <test-method is-config="true" signature="beforeClass()[pri:0, instance:org.example.testcases.Login@4a668b6e]" started-at="2022-05-28T16:42:16 GST" name="beforeClass" finished-at="2022-05-28T16:42:20 GST" duration-ms="3937" status="PASS">
          <reporter-output>
          </reporter-output>
        </test-method> <!-- beforeClass -->
        <test-method signature="validateinvalidLogin()[pri:1, instance:org.example.testcases.Login@4a668b6e]" started-at="2022-05-28T16:42:20 GST" name="validateinvalidLogin" finished-at="2022-05-28T16:42:21 GST" duration-ms="1855" status="PASS">
          <reporter-output>
          </reporter-output>
        </test-method> <!-- validateinvalidLogin -->
        <test-method is-config="true" signature="beforeMethod()[pri:0, instance:org.example.testcases.Login@4a668b6e]" started-at="2022-05-28T16:42:20 GST" name="beforeMethod" finished-at="2022-05-28T16:42:20 GST" duration-ms="0" status="PASS">
          <reporter-output>
          </reporter-output>
        </test-method> <!-- beforeMethod -->
        <test-method is-config="true" signature="beforeMethod()[pri:0, instance:org.example.testcases.Login@4a668b6e]" started-at="2022-05-28T16:42:21 GST" name="beforeMethod" finished-at="2022-05-28T16:42:21 GST" duration-ms="0" status="PASS">
          <reporter-output>
          </reporter-output>
        </test-method> <!-- beforeMethod -->
        <test-method signature="validLogin()[pri:2, instance:org.example.testcases.Login@4a668b6e]" started-at="2022-05-28T16:42:21 GST" name="validLogin" finished-at="2022-05-28T16:42:26 GST" duration-ms="4857" status="PASS">
          <reporter-output>
          </reporter-output>
        </test-method> <!-- validLogin -->
      </class> <!-- org.example.testcases.Login -->
      <class name="org.example.testcases.Cart">
        <test-method is-config="true" signature="beforeClass()[pri:0, instance:org.example.testcases.Cart@78ffe6dc]" started-at="2022-05-28T16:42:35 GST" name="beforeClass" finished-at="2022-05-28T16:42:35 GST" duration-ms="1" status="PASS">
          <reporter-output>
          </reporter-output>
        </test-method> <!-- beforeClass -->
        <test-method is-config="true" signature="beforeMethod()[pri:0, instance:org.example.testcases.Cart@78ffe6dc]" started-at="2022-05-28T16:42:35 GST" name="beforeMethod" finished-at="2022-05-28T16:42:35 GST" duration-ms="24" status="PASS">
          <reporter-output>
          </reporter-output>
        </test-method> <!-- beforeMethod -->
        <test-method signature="comparecartAttributesAndProceedToCheckout()[pri:1, instance:org.example.testcases.Cart@78ffe6dc]" started-at="2022-05-28T16:42:35 GST" name="comparecartAttributesAndProceedToCheckout" finished-at="2022-05-28T16:42:38 GST" duration-ms="3694" status="PASS">
          <reporter-output>
          </reporter-output>
        </test-method> <!-- comparecartAttributesAndProceedToCheckout -->
        <test-method is-config="true" signature="beforeMethod()[pri:0, instance:org.example.testcases.Cart@78ffe6dc]" started-at="2022-05-28T16:42:38 GST" name="beforeMethod" finished-at="2022-05-28T16:42:38 GST" duration-ms="6" status="PASS">
          <reporter-output>
          </reporter-output>
        </test-method> <!-- beforeMethod -->
        <test-method signature="proceedToCheckOut()[pri:2, instance:org.example.testcases.Cart@78ffe6dc]" started-at="2022-05-28T16:42:38 GST" name="proceedToCheckOut" finished-at="2022-05-28T16:42:45 GST" duration-ms="6168" status="PASS">
          <reporter-output>
          </reporter-output>
        </test-method> <!-- proceedToCheckOut -->
        <test-method is-config="true" signature="beforeMethod()[pri:0, instance:org.example.testcases.Cart@78ffe6dc]" started-at="2022-05-28T16:42:45 GST" name="beforeMethod" finished-at="2022-05-28T16:42:45 GST" duration-ms="2" status="PASS">
          <reporter-output>
          </reporter-output>
        </test-method> <!-- beforeMethod -->
        <test-method signature="proceedToPayByBankWire()[pri:3, instance:org.example.testcases.Cart@78ffe6dc]" started-at="2022-05-28T16:42:45 GST" name="proceedToPayByBankWire" finished-at="2022-05-28T16:42:52 GST" duration-ms="7026" status="PASS">
          <reporter-output>
          </reporter-output>
        </test-method> <!-- proceedToPayByBankWire -->
      </class> <!-- org.example.testcases.Cart -->
    </test> <!-- CoinMena automation -->
  </suite> <!-- All Test Suite -->
</testng-results>
